[2021-11-10 14:44:13] [ ERROR] [ExceptionGlobalHandler:16] Error al crear producto, verifique si la informaci贸n de las tablas relacionadas existe
[2021-11-10 22:37:25] [ ERROR] [ExceptionGlobalHandler:22] Errores encontrados, por favor compruebe e intente nuevamente
[2021-11-10 22:37:25] [ ERROR] [ExceptionGlobalHandler:22] Errores encontrados, por favor compruebe e intente nuevamente
[2021-11-10 22:37:42] [ ERROR] [ExceptionGlobalHandler:22] Errores encontrados, por favor compruebe e intente nuevamente
[2021-11-10 22:37:42] [ ERROR] [ExceptionGlobalHandler:22] Errores encontrados, por favor compruebe e intente nuevamente
[2021-11-11 01:14:11] [ ERROR] [ExceptionGlobalHandler:16] Error al crear producto, verifique la informaci锟n
[2021-11-11 01:16:05] [ ERROR] [ExceptionGlobalHandler:16] Error al crear producto, verifique la informaci锟n
[2021-11-11 01:16:42] [ ERROR] [ExceptionGlobalHandler:16] Error al crear producto, verifique la informaci锟n
[2021-11-11 01:18:14] [ ERROR] [ExceptionGlobalHandler:16] Error al crear producto, verifique la informaci锟n
[2021-11-11 01:18:29] [ ERROR] [ExceptionGlobalHandler:16] Error al crear producto, verifique la informaci锟n
[2021-11-11 01:22:00] [ ERROR] [ExceptionGlobalHandler:16] Error al crear producto, verifique la informaci锟n
[2021-11-11 01:25:53] [ ERROR] [ExceptionGlobalHandler:16] Error al crear producto, verifique la informaci锟n
[2021-11-11 01:26:25] [ ERROR] [ExceptionGlobalHandler:16] Error al crear producto, verifique la informaci锟n
[2021-11-11 01:27:45] [ ERROR] [ExceptionGlobalHandler:16] Error al crear producto, verifique la informaci锟n
[2021-11-11 01:31:54] [ ERROR] [ExceptionGlobalHandler:16] Error al crear producto, verifique la informaci锟n
[2021-11-11 01:32:13] [ ERROR] [ExceptionGlobalHandler:16] Error al crear producto, verifique la informaci锟n
[2021-11-11 01:41:08] [ ERROR] [ExceptionGlobalHandler:16] Error al crear producto, verifique la informaci锟n
[2021-11-11 01:44:07] [ ERROR] [ExceptionGlobalHandler:16] Error al crear producto, verifique la informaci锟n
[2021-11-11 01:45:24] [ ERROR] [ExceptionGlobalHandler:16] Error al crear producto, verifique la informaci锟n
[2021-11-11 01:47:44] [ ERROR] [ExceptionGlobalHandler:16] Error al crear producto, verifique la informaci锟n
[2021-11-11 01:50:02] [ ERROR] [ExceptionGlobalHandler:16] Error al crear producto, verifique la informaci锟n
[2021-11-11 01:50:47] [ ERROR] [ExceptionGlobalHandler:16] Error al crear producto, verifique la informaci锟n
[2021-11-11 01:52:20] [ ERROR] [ExceptionGlobalHandler:16] Error al crear producto, verifique la informaci锟n
[2021-11-11 01:54:13] [ ERROR] [ExceptionGlobalHandler:16] Error al crear producto, verifique la informaci锟n
[2021-11-11 01:55:18] [ ERROR] [ExceptionGlobalHandler:16] Error al crear producto, verifique la informaci锟n
[2021-11-11 01:56:35] [ ERROR] [ExceptionGlobalHandler:16] Error al crear producto, verifique la informaci锟n
[2021-11-11 01:58:29] [ ERROR] [ExceptionGlobalHandler:16] Error al crear producto, verifique la informaci锟n
[2021-11-11 01:59:28] [ ERROR] [ExceptionGlobalHandler:16] Error al crear producto, verifique la informaci锟n
[2021-11-11 02:00:45] [ ERROR] [ExceptionGlobalHandler:16] Error al crear producto, verifique la informaci锟n
[2021-11-11 02:11:43] [ ERROR] [ExceptionGlobalHandler:16] Error al crear producto, verifique la informaci锟n
[2021-11-11 02:21:35] [ ERROR] [ExceptionGlobalHandler:16] Error al crear producto, verifique la informaci锟n
[2021-11-11 02:23:15] [ ERROR] [ExceptionGlobalHandler:16] Error al crear producto, verifique la informaci锟n
[2021-11-11 02:23:59] [ ERROR] [ExceptionGlobalHandler:16] Error al crear producto, verifique la informaci锟n
[2021-11-11 02:41:09] [ ERROR] [ExceptionGlobalHandler:16] Error al crear producto, verifique la informaci锟n
[2021-11-11 08:03:44] [ ERROR] [ExceptionGlobalHandler:16] Error al crear producto, verifique la informaci贸n
[2021-11-11 08:04:25] [ ERROR] [ExceptionGlobalHandler:16] Error al crear producto, verifique la informaci贸n
[2021-11-11 08:18:46] [ ERROR] [ExceptionGlobalHandler:16] Error al crear producto, verifique la informaci贸n
[2021-11-11 08:22:36] [ ERROR] [ExceptionGlobalHandler:16] Error al crear producto, verifique la informaci贸n
[2021-11-11 08:23:01] [ ERROR] [ExceptionGlobalHandler:16] Error al crear producto, verifique la informaci贸n
[2021-11-11 08:25:11] [ ERROR] [ExceptionGlobalHandler:16] Error al crear producto, verifique la informaci贸n
[2021-11-11 08:26:25] [ ERROR] [ExceptionGlobalHandler:16] Error al crear producto, verifique la informaci贸n
[2021-11-11 08:27:14] [ ERROR] [ExceptionGlobalHandler:16] Error al crear producto, verifique la informaci贸n
[2021-11-11 08:31:00] [ ERROR] [ExceptionGlobalHandler:16] Error al crear producto, verifique la informaci贸n
[2021-11-11 08:31:44] [ ERROR] [ExceptionGlobalHandler:16] Error al crear producto, verifique la informaci贸n
[2021-11-11 09:32:36] [ ERROR] [ExceptionGlobalHandler:16] Error al crear producto, verifique si la informaci贸n de las tablas relacionadas existe
[2021-11-11 09:35:22] [ ERROR] [ExceptionGlobalHandler:16] Error al crear producto, verifique si la informaci贸n de las tablas relacionadas existe
[2021-11-11 09:49:59] [ ERROR] [ExceptionGlobalHandler:16] Error al crear producto, verifique la informaci贸n
[2021-11-11 09:50:45] [ ERROR] [ExceptionGlobalHandler:16] Error al crear producto, verifique la informaci贸n
[2021-11-11 09:51:46] [ ERROR] [ExceptionGlobalHandler:16] Error al crear producto, verifique la informaci贸n
[2021-11-11 11:29:07] [ ERROR] [ExceptionGlobalHandler:16] Producto no encontrado, por favor compruebe
[2021-11-18 17:48:53] [ ERROR] [ExceptionGlobalHandler:22] Errores encontrados, por favor compruebe e intente nuevamente
[2021-11-18 17:48:53] [ ERROR] [ExceptionGlobalHandler:22] Errores encontrados, por favor compruebe e intente nuevamente
[2021-11-18 17:49:09] [ ERROR] [ExceptionGlobalHandler:22] Errores encontrados, por favor compruebe e intente nuevamente
[2021-11-18 17:49:09] [ ERROR] [ExceptionGlobalHandler:22] Errores encontrados, por favor compruebe e intente nuevamente
[2021-11-18 17:52:36] [ ERROR] [ExceptionGlobalHandler:16] Categoria no encontrada, por favor compruebe
[2021-11-18 17:52:45] [ ERROR] [ExceptionGlobalHandler:16] Categoria no encontrada, por favor compruebe
[2021-11-18 17:57:21] [ ERROR] [ExceptionGlobalHandler:16] Error al crear producto, verifique la informaci锟n
[2021-11-22 09:26:08] [ ERROR] [ExceptionGlobalHandler:22] Errores encontrados, por favor compruebe e intente nuevamente
[2021-11-22 09:34:07] [ ERROR] [ExceptionGlobalHandler:22] Errores encontrados, por favor compruebe e intente nuevamente
[2021-11-23 09:55:04] [ ERROR] [ExceptionGlobalHandler:16] Producto no encontrado, por favor compruebe
[2021-11-23 23:34:25] [ ERROR] [ExceptionGlobalHandler:16] Ya existe una reserva en esas fechas, por favor ingrese una fecha disponible
[2021-11-23 23:40:41] [ ERROR] [ExceptionGlobalHandler:16] Ya existe una reserva en esas fechas, por favor ingrese una fecha disponible
[2021-11-23 23:40:55] [ ERROR] [ExceptionGlobalHandler:16] Ya existe una reserva en esas fechas, por favor ingrese una fecha disponible
[2021-11-23 23:41:09] [ ERROR] [ExceptionGlobalHandler:16] Ya existe una reserva en esas fechas, por favor ingrese una fecha disponible
[2021-11-23 23:41:30] [ ERROR] [ExceptionGlobalHandler:16] Ya existe una reserva en esas fechas, por favor ingrese una fecha disponible
[2021-11-23 23:42:21] [ ERROR] [ExceptionGlobalHandler:16] Ya existe una reserva en esas fechas, por favor ingrese una fecha disponible
[2021-11-23 23:42:34] [ ERROR] [ExceptionGlobalHandler:16] Ya existe una reserva en esas fechas, por favor ingrese una fecha disponible
[2021-11-23 23:43:02] [ ERROR] [ExceptionGlobalHandler:16] Ya existe una reserva en esas fechas, por favor ingrese una fecha disponible
[2021-11-23 23:43:07] [ ERROR] [ExceptionGlobalHandler:16] Ya existe una reserva en esas fechas, por favor ingrese una fecha disponible
[2021-11-23 23:44:31] [ ERROR] [ExceptionGlobalHandler:16] Ya existe una reserva en esas fechas, por favor ingrese una fecha disponible
[2021-11-23 23:44:48] [ ERROR] [ExceptionGlobalHandler:16] Ya existe una reserva en esas fechas, por favor ingrese una fecha disponible
[2021-11-23 23:45:05] [ ERROR] [ExceptionGlobalHandler:16] Ya existe una reserva en esas fechas, por favor ingrese una fecha disponible
[2021-11-23 23:46:46] [ ERROR] [ExceptionGlobalHandler:16] Ya existe una reserva en esas fechas, por favor ingrese una fecha disponible
[2021-11-24 00:36:23] [ ERROR] [ExceptionGlobalHandler:16] Email no encontrado, por favor compruebe la informacin e intente nuevamente
[2021-11-24 21:33:30] [ ERROR] [ExceptionGlobalHandler:16] Email no encontrado, por favor compruebe la informaci贸n e intente nuevamente
[2021-11-24 21:37:24] [ ERROR] [ExceptionGlobalHandler:16] Email no encontrado, por favor compruebe la informaci贸n e intente nuevamente
[2021-11-24 21:40:03] [ ERROR] [ExceptionGlobalHandler:16] Email no encontrado, por favor compruebe la informaci贸n e intente nuevamente
[2021-11-24 21:43:33] [ ERROR] [ExceptionGlobalHandler:16] Email no encontrado, por favor compruebe la informaci贸n e intente nuevamente
[2021-11-24 21:51:51] [ ERROR] [ExceptionGlobalHandler:16] Email no encontrado, por favor compruebe la informaci贸n e intente nuevamente
[2021-11-24 21:53:10] [ ERROR] [ExceptionGlobalHandler:16] Email no encontrado, por favor compruebe la informaci贸n e intente nuevamente
[2021-11-24 21:53:32] [ ERROR] [ExceptionGlobalHandler:16] Email no encontrado, por favor compruebe la informaci贸n e intente nuevamente
[2021-11-24 21:56:02] [ ERROR] [ExceptionGlobalHandler:16] Email no encontrado, por favor compruebe la informaci贸n e intente nuevamente
[2021-11-24 21:57:15] [ ERROR] [ExceptionGlobalHandler:16] Email no encontrado, por favor compruebe la informaci贸n e intente nuevamente
[2021-11-24 21:59:49] [ ERROR] [ExceptionGlobalHandler:16] Email no encontrado, por favor compruebe la informaci贸n e intente nuevamente
[2021-11-24 22:00:54] [ ERROR] [ExceptionGlobalHandler:16] Email no encontrado, por favor compruebe la informaci贸n e intente nuevamente
[2021-11-24 22:01:46] [ ERROR] [ExceptionGlobalHandler:16] Email no encontrado, por favor compruebe la informaci贸n e intente nuevamente
[2021-11-24 22:32:47] [ ERROR] [ExceptionGlobalHandler:16] Email no encontrado, por favor compruebe la informaci贸n e intente nuevamente
[2021-11-25 01:18:17] [ ERROR] [ExceptionGlobalHandler:16] Ya existe una reserva en esas fechas, por favor ingrese una fecha disponible
[2021-11-25 01:32:31] [ ERROR] [ExceptionGlobalHandler:16] Ya existe una reserva en esas fechas, por favor ingrese una fecha disponible
[2021-11-25 01:39:16] [ ERROR] [ExceptionGlobalHandler:16] Ya existe una reserva en esas fechas, por favor ingrese una fecha disponible
[2021-11-25 10:23:46] [ ERROR] [ExceptionGlobalHandler:16] Ya existe una reserva en esas fechas, por favor ingrese una fecha disponible
[2021-11-25 10:26:00] [ ERROR] [ExceptionGlobalHandler:16] Ya existe una reserva en esas fechas, por favor ingrese una fecha disponible
[2021-11-25 10:29:15] [ ERROR] [ExceptionGlobalHandler:16] Ya existe una reserva en esas fechas, por favor ingrese una fecha disponible
[2021-11-25 10:43:13] [ ERROR] [ExceptionGlobalHandler:16] Ya existe una reserva en esas fechas, por favor ingrese una fecha disponible
[2021-11-25 10:45:12] [ ERROR] [ExceptionGlobalHandler:16] Ya existe una reserva en esas fechas, por favor ingrese una fecha disponible
[2021-11-25 10:50:57] [ ERROR] [ExceptionGlobalHandler:16] Ya existe una reserva en esas fechas, por favor ingrese una fecha disponible
[2021-11-25 10:52:57] [ ERROR] [ExceptionGlobalHandler:16] Ya existe una reserva en esas fechas, por favor ingrese una fecha disponible
[2021-11-25 10:54:58] [ ERROR] [ExceptionGlobalHandler:16] Ya existe una reserva en esas fechas, por favor ingrese una fecha disponible
[2021-11-25 10:56:10] [ ERROR] [ExceptionGlobalHandler:16] Ya existe una reserva en esas fechas, por favor ingrese una fecha disponible
[2021-11-25 10:57:18] [ ERROR] [ExceptionGlobalHandler:16] Ya existe una reserva en esas fechas, por favor ingrese una fecha disponible
[2021-11-25 10:58:05] [ ERROR] [ExceptionGlobalHandler:16] Ya existe una reserva en esas fechas, por favor ingrese una fecha disponible
[2021-11-25 11:06:19] [ ERROR] [ExceptionGlobalHandler:16] Ya existe una reserva en esas fechas, por favor ingrese una fecha disponible
[2021-11-25 11:17:08] [ ERROR] [ExceptionGlobalHandler:22] Errores encontrados, por favor compruebe e intente nuevamente
[2021-12-01 17:47:13] [ ERROR] [ExceptionGlobalHandler:16] Error al crear producto, verifique la informaci贸n
[2021-12-01 17:49:00] [ ERROR] [ExceptionGlobalHandler:16] Error al crear producto, verifique la informaci贸n
[2021-12-01 17:54:00] [ ERROR] [ExceptionGlobalHandler:16] Error al crear producto, verifique la informaci贸n
[2021-12-01 18:13:08] [ ERROR] [ExceptionGlobalHandler:16] Error al crear producto, verifique la informaci贸n
[2021-12-01 18:14:18] [ ERROR] [ExceptionGlobalHandler:16] Error al crear producto, verifique la informaci贸n
[2021-12-01 18:24:29] [ ERROR] [ExceptionGlobalHandler:16] Error al crear producto, verifique la informaci贸n
[2021-12-01 18:27:57] [ ERROR] [ExceptionGlobalHandler:16] Error al crear producto, verifique la informaci贸n
[2021-12-01 18:28:04] [ ERROR] [ExceptionGlobalHandler:16] Error al crear producto, verifique la informaci贸n
[2021-12-01 18:28:17] [ ERROR] [ExceptionGlobalHandler:16] Error al crear producto, verifique la informaci贸n
[2021-12-01 18:28:55] [ ERROR] [ExceptionGlobalHandler:16] Error al crear producto, verifique la informaci贸n
[2021-12-01 18:37:56] [ ERROR] [ExceptionGlobalHandler:16] Error al crear producto, verifique la informaci贸n
[2021-12-01 21:09:31] [ ERROR] [ExceptionGlobalHandler:16] Error al crear producto, verifique la informaci贸n
[2021-12-01 21:09:53] [ ERROR] [ExceptionGlobalHandler:16] Error al crear producto, verifique la informaci贸n
[2021-12-01 21:10:51] [ ERROR] [ExceptionGlobalHandler:16] Error al crear producto, verifique la informaci贸n
[2021-12-01 21:11:27] [ ERROR] [ExceptionGlobalHandler:16] Error al crear producto, verifique la informaci贸n
[2021-12-01 21:12:05] [ ERROR] [ExceptionGlobalHandler:16] Error al crear producto, verifique la informaci贸n
[2021-12-01 21:12:21] [ ERROR] [ExceptionGlobalHandler:16] Error al crear producto, verifique la informaci贸n
[2021-12-01 21:13:03] [ ERROR] [ExceptionGlobalHandler:16] Error al crear producto, verifique la informaci贸n
[2021-12-01 21:13:25] [ ERROR] [ExceptionGlobalHandler:16] Error al crear producto, verifique la informaci贸n
[2021-12-01 21:13:35] [ ERROR] [ExceptionGlobalHandler:16] Error al crear producto, verifique la informaci贸n
[2021-12-01 21:14:14] [ ERROR] [ExceptionGlobalHandler:16] Error al crear producto, verifique la informaci贸n
[2021-12-02 07:44:05] [ ERROR] [ExceptionGlobalHandler:16] Error al crear producto, verifique la informaci贸n
[2021-12-02 07:54:13] [ INFO ] [ProductServiceImpl:104] [org.springframework.web.multipart.support.StandardMultipartHttpServletRequest$StandardMultipartFile@5de73000, org.springframework.web.multipart.support.StandardMultipartHttpServletRequest$StandardMultipartFile@166e0fa1, org.springframework.web.multipart.support.StandardMultipartHttpServletRequest$StandardMultipartFile@15a96132, org.springframework.web.multipart.support.StandardMultipartHttpServletRequest$StandardMultipartFile@32806f9e, org.springframework.web.multipart.support.StandardMultipartHttpServletRequest$StandardMultipartFile@56032efe]
[2021-12-02 07:54:13] [ ERROR] [ExceptionGlobalHandler:16] Error al crear producto, verifique la informaci贸n
[2021-12-02 07:56:19] [ INFO ] [ProductServiceImpl:104] []
[2021-12-02 07:56:19] [ ERROR] [ExceptionGlobalHandler:16] Error al crear producto, verifique la informaci贸n
[2021-12-02 07:59:45] [ INFO ] [ProductServiceImpl:106] []
[2021-12-02 07:59:45] [ ERROR] [ExceptionGlobalHandler:16] Error al crear producto, verifique la informaci贸n
[2021-12-02 08:01:23] [ INFO ] [ProductServiceImpl:101] []
[2021-12-02 08:01:23] [ ERROR] [ExceptionGlobalHandler:16] Error al crear producto, verifique la informaci贸n
[2021-12-02 08:04:26] [ INFO ] [ProductServiceImpl:101] []
[2021-12-02 08:04:26] [ ERROR] [ExceptionGlobalHandler:16] Error al crear producto, verifique la informaci贸n
[2021-12-02 08:05:56] [ INFO ] [ProductServiceImpl:101] [org.springframework.web.multipart.support.StandardMultipartHttpServletRequest$StandardMultipartFile@290b9c5e, org.springframework.web.multipart.support.StandardMultipartHttpServletRequest$StandardMultipartFile@4710e5, org.springframework.web.multipart.support.StandardMultipartHttpServletRequest$StandardMultipartFile@552d6384, org.springframework.web.multipart.support.StandardMultipartHttpServletRequest$StandardMultipartFile@5ee80fb3, org.springframework.web.multipart.support.StandardMultipartHttpServletRequest$StandardMultipartFile@2bf4815c]
[2021-12-02 08:05:56] [ ERROR] [ExceptionGlobalHandler:16] Error al crear producto, verifique la informaci贸n
[2021-12-02 08:07:59] [ INFO ] [ProductServiceImpl:101] [org.springframework.web.multipart.support.StandardMultipartHttpServletRequest$StandardMultipartFile@3e011c98, org.springframework.web.multipart.support.StandardMultipartHttpServletRequest$StandardMultipartFile@25ec101a, org.springframework.web.multipart.support.StandardMultipartHttpServletRequest$StandardMultipartFile@4eaa5792, org.springframework.web.multipart.support.StandardMultipartHttpServletRequest$StandardMultipartFile@77828167, org.springframework.web.multipart.support.StandardMultipartHttpServletRequest$StandardMultipartFile@41d1b6d3]
[2021-12-02 08:07:59] [ ERROR] [ExceptionGlobalHandler:16] Error al crear producto, verifique la informaci贸n
[2021-12-02 08:09:31] [ INFO ] [ProductServiceImpl:101] [org.springframework.web.multipart.support.StandardMultipartHttpServletRequest$StandardMultipartFile@7a6569ed, org.springframework.web.multipart.support.StandardMultipartHttpServletRequest$StandardMultipartFile@54f8b84d, org.springframework.web.multipart.support.StandardMultipartHttpServletRequest$StandardMultipartFile@53371e60, org.springframework.web.multipart.support.StandardMultipartHttpServletRequest$StandardMultipartFile@42c14175, org.springframework.web.multipart.support.StandardMultipartHttpServletRequest$StandardMultipartFile@133a72c1]
[2021-12-02 08:09:31] [ ERROR] [ExceptionGlobalHandler:16] Error al crear producto, verifique la informaci贸n
[2021-12-02 08:10:17] [ INFO ] [ProductServiceImpl:101] ProductDTO(productId=null, name=null, description=null, address=null, latitude=null, longitude=null, location=null, category=null, images=null, score=null, features=null)
[2021-12-02 08:10:17] [ ERROR] [ExceptionGlobalHandler:16] Error al crear producto, verifique la informaci贸n
[2021-12-02 08:27:50] [ INFO ] [ProductServiceImpl:101] {
    "name": "Balc贸n del Golf",
    "description": "En el coraz贸n de Sierra de la Ventana, disfruta de unas caba帽as inspiradas en la naturaleza de Buenos Aires.",
    "address": "Av. Siempre Viva 123",
    "longitude": "-54.323232",
    "latitude": "-53.232323",
    "location": {
        "locationId": 1
    },
    "category": {
        "categoryId": 1
    },
     "images":[
{            "title": "balcon-golf-image-2",
            "url": "https://www.alooja.com.ar/files/7/9/3/793-9984.jpg"}
]
    }
[2021-12-02 08:27:50] [ ERROR] [ExceptionGlobalHandler:16] Error al crear producto, verifique la informaci贸n
[2021-12-02 08:34:35] [ INFO ] [ProductServiceImpl:101] ProductDTO(productId=null, name=Balc贸n del Golf, description=En el coraz贸n de Sierra de la Ventana, disfruta de unas caba帽as inspiradas en la naturaleza de Buenos Aires., address=Av. Siempre Viva 123, latitude=-53.232323, longitude=-54.323232, location=Location(locationId=1, city=null, country=null), category=nido.backnido.entity.Category@2dd57dd1, images=null, score=null, features=null)
[2021-12-02 08:34:35] [ ERROR] [ExceptionGlobalHandler:16] Error al crear producto, verifique la informaci贸n
[2021-12-02 08:39:09] [ INFO ] [ProductServiceImpl:101] ProductDTO(productId=null, name=Balc贸n del Golf, description=En el coraz贸n de Sierra de la Ventana, disfruta de unas caba帽as inspiradas en la naturaleza de Buenos Aires., address=Av. Siempre Viva 123, latitude=-53.232323, longitude=-54.323232, location=Location(locationId=1, city=Bogota, country=Colombia), category=nido.backnido.entity.Category@78371258, images=null, score=null, features=null)
[2021-12-02 08:39:09] [ ERROR] [ExceptionGlobalHandler:16] Error al crear producto, verifique la informaci贸n
[2021-12-02 08:41:49] [ INFO ] [ProductServiceImpl:102] ProductDTO(productId=null, name=Balc贸n del Golf, description=En el coraz贸n de Sierra de la Ventana, disfruta de unas caba帽as inspiradas en la naturaleza de Buenos Aires., address=Av. Siempre Viva 123, latitude=-53.232323, longitude=-54.323232, location=Location(locationId=1, city=Bogota, country=Colombia), category=nido.backnido.entity.Category@5061ec6d, images=null, score=null, features=null)
[2021-12-02 08:41:49] [ ERROR] [ExceptionGlobalHandler:16] Error al crear producto, verifique la informaci贸n
[2021-12-02 08:42:47] [ INFO ] [ProductServiceImpl:90] Product(productId=null, name=Balc贸n del Golf, description=En el coraz贸n de Sierra de la Ventana, disfruta de unas caba帽as inspiradas en la naturaleza de Buenos Aires., address=Av. Siempre Viva 123, latitude=-53.232323, longitude=-54.323232, location=Location(locationId=1, city=Bogota, country=Colombia), category=nido.backnido.entity.Category@2b45fb22, scores=null, features=null)
[2021-12-02 08:42:47] [ ERROR] [ExceptionGlobalHandler:16] Error al crear producto, verifique la informaci贸n
[2021-12-02 08:47:06] [ INFO ] [ProductServiceImpl:90] Product(productId=null, name=Balc贸n del Golf, description=En el coraz贸n de Sierra de la Ventana, disfruta de unas caba帽as inspiradas en la naturaleza de Buenos Aires., address=Av. Siempre Viva 123, latitude=-53.232323, longitude=-54.323232, location=nido.backnido.entity.Location@955a5a1, category=nido.backnido.entity.Category@7d8bb2a3, scores=null, features=null)
[2021-12-02 08:47:06] [ ERROR] [ExceptionGlobalHandler:16] Error al crear producto, verifique la informaci贸n
[2021-12-02 08:48:51] [ INFO ] [ProductServiceImpl:90] Product(productId=null, name=Balc贸n del Golf, description=En el coraz贸n de Sierra de la Ventana, disfruta de unas caba帽as inspiradas en la naturaleza de Buenos Aires., address=Av. Siempre Viva 123, latitude=-53.232323, longitude=-54.323232, location=nido.backnido.entity.Location@28d92358, category=nido.backnido.entity.Category@75deb992, scores=null, features=null)
[2021-12-02 08:48:51] [ ERROR] [ExceptionGlobalHandler:16] Error al crear producto, verifique la informaci贸n
[2021-12-02 08:55:45] [ INFO ] [ProductServiceImpl:90] Product(productId=null, name=Balc贸n del Golf, description=En el coraz贸n de Sierra de la Ventana, disfruta de unas caba帽as inspiradas en la naturaleza de Buenos Aires., address=Av. Siempre Viva 123, latitude=-53.232323, longitude=-54.323232, location=nido.backnido.entity.Location@49b26221, category=nido.backnido.entity.Category@2e91799f, scores=null, features=null)
[2021-12-02 08:55:45] [ ERROR] [ExceptionGlobalHandler:16] Error al crear producto, verifique la informaci贸n
[2021-12-02 09:01:18] [ INFO ] [ProductServiceImpl:90] Product(productId=null, name=Balc贸n del Golf, description=En el coraz贸n de Sierra de la Ventana, disfruta de unas caba帽as inspiradas en la naturaleza de Buenos Aires., address=Av. Siempre Viva 123, latitude=-53.232323, longitude=-54.323232, location=nido.backnido.entity.Location@142a865, category=nido.backnido.entity.Category@23e279eb, scores=null, features=null)
[2021-12-02 09:01:18] [ ERROR] [ExceptionGlobalHandler:16] Error al crear producto, verifique la informaci贸n
[2021-12-02 09:06:35] [ INFO ] [ProductServiceImpl:90] Product(productId=null, name=Balc贸n del Golf, description=En el coraz贸n de Sierra de la Ventana, disfruta de unas caba帽as inspiradas en la naturaleza de Buenos Aires., address=Av. Siempre Viva 123, latitude=-53.232323, longitude=-54.323232, location=nido.backnido.entity.Location@7ab1713b, category=nido.backnido.entity.Category@2883b502, scores=null, features=null)
[2021-12-02 09:06:35] [ ERROR] [ProductServiceImpl:103] java.lang.NullPointerException: Cannot invoke "java.util.Set.size()" because the return value of "nido.backnido.entity.dto.ProductDTO.getImages()" is null
[2021-12-02 09:06:35] [ ERROR] [ExceptionGlobalHandler:16] Error al crear producto, verifique la informaci贸n
[2021-12-02 09:07:59] [ INFO ] [ProductServiceImpl:90] Product(productId=null, name=Balc贸n del Golf, description=En el coraz贸n de Sierra de la Ventana, disfruta de unas caba帽as inspiradas en la naturaleza de Buenos Aires., address=Av. Siempre Viva 123, latitude=-53.232323, longitude=-54.323232, location=nido.backnido.entity.Location@77a4e910, category=nido.backnido.entity.Category@326bc5ce, scores=null, features=null)
[2021-12-02 09:19:12] [ INFO ] [ProductServiceImpl:93] Product(productId=null, name=Balc贸n del Golf, description=En el coraz贸n de Sierra de la Ventana, disfruta de unas caba帽as inspiradas en la naturaleza de Buenos Aires., address=Av. Siempre Viva 123, latitude=-53.232323, longitude=-54.323232, location=nido.backnido.entity.Location@3916c5d9, category=nido.backnido.entity.Category@838e8a1, scores=null, features=null)
[2021-12-02 09:19:15] [ ERROR] [ProductServiceImpl:112] CustomBaseException(codeError=400)
[2021-12-02 09:19:15] [ ERROR] [ExceptionGlobalHandler:16] Error al crear producto, verifique la informaci贸n
[2021-12-02 09:21:31] [ INFO ] [ProductServiceImpl:93] Product(productId=null, name=Balc贸n del Golf, description=En el coraz贸n de Sierra de la Ventana, disfruta de unas caba帽as inspiradas en la naturaleza de Buenos Aires., address=Av. Siempre Viva 123, latitude=-53.232323, longitude=-54.323232, location=nido.backnido.entity.Location@18e9c3b7, category=nido.backnido.entity.Category@78500584, scores=null, features=null)
[2021-12-02 09:30:40] [ INFO ] [ProductServiceImpl:76] Product(productId=null, name=Balc贸n del Golf, description=En el coraz贸n de Sierra de la Ventana, disfruta de unas caba帽as inspiradas en la naturaleza de Buenos Aires., address=Av. Siempre Viva 123, latitude=-53.232323, longitude=-54.323232, location=Location(locationId=1, city=null, country=null), category=nido.backnido.entity.Category@7cf89f57, scores=null, features=null)
[2021-12-02 11:02:53] [ INFO ] [ProductServiceImpl:76] Product(productId=null, name=Balc贸n del Golf, description=En el coraz贸n de Sierra de la Ventana, disfruta de unas caba帽as inspiradas en la naturaleza de Buenos Aires., address=Av. Siempre Viva 123, latitude=-53.232323, longitude=-54.323232, location=Location(locationId=1, city=null, country=null), category=nido.backnido.entity.Category@2f2d66d3, scores=null, features=null)
[2021-12-02 11:56:35] [ INFO ] [ProductServiceImpl:76] Product(productId=null, name=Balc贸n del Golf, description=En el coraz贸n de Sierra de la Ventana, disfruta de unas caba帽as inspiradas en la naturaleza de Buenos Aires., address=Av. Siempre Viva 123, latitude=-53.232323, longitude=-54.323232, location=Location(locationId=1, city=null, country=null), category=nido.backnido.entity.Category@24305969, scores=null, features=null)
[2021-12-02 11:59:30] [ INFO ] [ProductServiceImpl:76] Product(productId=null, name=Balc贸n del Golf, description=En el coraz贸n de Sierra de la Ventana, disfruta de unas caba帽as inspiradas en la naturaleza de Buenos Aires., address=Av. Siempre Viva 123, latitude=-53.232323, longitude=-54.323232, location=Location(locationId=1, city=null, country=null), category=nido.backnido.entity.Category@1d79c4bc, scores=null, features=null)
[2021-12-02 12:04:11] [ INFO ] [ProductServiceImpl:76] Product(productId=null, name=Balc贸n del Golf, description=En el coraz贸n de Sierra de la Ventana, disfruta de unas caba帽as inspiradas en la naturaleza de Buenos Aires., address=Av. Siempre Viva 123, latitude=-53.232323, longitude=-54.323232, location=Location(locationId=1, city=null, country=null), category=nido.backnido.entity.Category@49d19e18, scores=null, features=null)
